<?xml version="1.0" encoding="UTF-8"?>
<!-- Generated by org.testng.reporters.JUnitReportReporter -->
<testsuite skipped="0" hostname="Seymurs-MBP.fios-router.home" name="dataDriven.Test2" tests="6" failures="0" timestamp="07 Aug 2021 16:22:21 GMT" time="0.013" errors="0">
  <testcase name="test" time="0.001" classname="dataDriven.Test2"/>
  <testcase name="test" time="0.007" classname="dataDriven.Test2"/>
  <testcase name="test" time="0.001" classname="dataDriven.Test2"/>
  <testcase name="test2" time="0.001" classname="dataDriven.Test2"/>
  <testcase name="test2" time="0.000" classname="dataDriven.Test2"/>
  <testcase name="test2" time="0.003" classname="dataDriven.Test2"/>
</testsuite> <!-- dataDriven.Test2 -->
